<?xml version="1.0" encoding="UTF-8"?>
<!-- Generated by org.testng.reporters.JUnitReportReporter -->
<testsuite hostname="ubuntu" name="modtest1" tests="1" failures="0" timestamp="12 Aug 2014 18:59:17 GMT" time="0.017" errors="0">
  <testcase name="selection" time="0.017" classname="modtest1"/>
</testsuite> <!-- modtest1 -->
